[04.03.08] [INFO] EXEC: setreactsw | Method: Prefix | RAM: 257.73MB
[04.05.55] [INFO] EXEC: setreactsw | Method: Prefix | RAM: 263.49MB
[04.07.13] [INFO] EXEC: setreactsw | Method: Prefix | RAM: 255.14MB
[04.07.23] [INFO] EXEC: setreactsw | Method: Prefix | RAM: 314.61MB
[04.17.51] [INFO] EXEC: setreactsw | Method: Prefix | RAM: 261.59MB
[04.17.58] [INFO] EXEC: setreactsw | Method: Prefix | RAM: 321.70MB
[04.20.13] [SYSTEM] Database baru diinisialisasi.
[04.21.39] [INFO] EXEC: setgreeting | Method: Prefix | RAM: 369.89MB
[04.26.30] [INFO] EXEC: setgreeting | Method: Prefix | RAM: 265.26MB
[04.26.40] [INFO] EXEC: setgreeting | Method: Prefix | RAM: 335.26MB
[04.27.13] [INFO] EXEC: menu | Method: Prefix | RAM: 357.91MB
[04.35.28] [INFO] EXEC: menu | Method: Prefix | RAM: 365.82MB
[04.41.49] [INFO] EXEC: allmenu | Method: Prefix | RAM: 372.16MB
[04.46.18] [INFO] EXEC: setgreeting | Method: Prefix | RAM: 353.49MB
[04.46.24] [INFO] EXEC: setgreeting | Method: Prefix | RAM: 355.12MB
[04.46.33] [INFO] EXEC: allmenu | Method: Prefix | RAM: 352.08MB
[05.01.02] [INFO] EXEC: gachaanime | Method: Prefix | RAM: 264.68MB
[05.01.36] [INFO] EXEC: gachaanime | Method: Prefix | RAM: 315.10MB
[05.07.05] [INFO] EXEC: gachaba | Method: Prefix | RAM: 254.64MB
[05.07.07] [ERROR] Plugin Failure: gachaba | ENOENT: no such file or directory, open '/workspaces/castorice-assistant-by-radja/assets/anime'
[05.07.07] [ERROR-TRACE] 
[05.09.19] [INFO] EXEC: gachaba | Method: Prefix | RAM: 260.74MB
[05.09.21] [ERROR] Plugin Failure: gachaba | e is not defined
[05.09.21] [ERROR-TRACE] at Object.exec (file:///workspaces/castorice-assistant-by-radja/plugins/anime-menu/bluearchieve.js?u=1770440948637:69:40)
[05.20.39] [INFO] EXEC: gachaba | Method: Prefix | RAM: 253.70MB
[05.20.43] [ERROR] Plugin Failure: gachaba | ENOENT: no such file or directory, open '/workspaces/castorice-assistant-by-radja/assets/anime'
[05.20.43] [ERROR-TRACE] 
[05.27.06] [INFO] EXEC: gachaba | Method: Prefix | RAM: 279.04MB
[05.28.17] [INFO] EXEC: gachaba | Method: Prefix | RAM: 257.98MB
[05.28.55] [INFO] EXEC: gachaba | Method: Prefix | RAM: 254.42MB
[05.36.56] [INFO] EXEC: gachaba | Method: Prefix | RAM: 254.05MB
[05.39.11] [INFO] EXEC: gachaba | Method: Prefix | RAM: 257.33MB
[05.39.58] [INFO] EXEC: gachaba | Method: Prefix | RAM: 255.04MB
[05.41.59] [INFO] EXEC: gachaanime | Method: Prefix | RAM: 256.21MB
[05.43.25] [INFO] EXEC: gachaanime | Method: Prefix | RAM: 262.94MB
[05.43.40] [INFO] EXEC: gachaanime | Method: Prefix | RAM: 295.73MB
[05.44.10] [INFO] EXEC: gachaanime | Method: Prefix | RAM: 249.05MB
[05.47.33] [INFO] EXEC: gachaba | Method: Prefix | RAM: 262.10MB
[05.49.11] [INFO] EXEC: gachaba | Method: Prefix | RAM: 279.90MB
[05.51.59] [INFO] EXEC: fart | Method: Prefix | RAM: 269.64MB
[05.55.22] [INFO] EXEC: pullgi | Method: Prefix | RAM: 281.09MB
[05.56.45] [INFO] EXEC: pullgi | Method: Prefix | RAM: 259.89MB
[05.58.01] [INFO] EXEC: pullgi | Method: Prefix | RAM: 273.78MB
[05.58.38] [INFO] EXEC: pullgi | Method: Prefix | RAM: 275.90MB
[06.01.40] [INFO] EXEC: menu | Method: Prefix | RAM: 244.46MB
[06.02.11] [INFO] EXEC: allmenu | Method: Prefix | RAM: 254.01MB
[06.03.27] [INFO] EXEC: igowner | Method: Prefix | RAM: 262.41MB
