[10.07.23] [INFO] EXEC: menu | Method: Prefix | RAM: 342.53MB
[10.14.18] [INFO] EXEC: menu | Method: Prefix | RAM: 249.13MB
[10.27.18] [INFO] EXEC: menu | Method: Prefix | RAM: 268.20MB
[10.30.59] [INFO] EXEC: menu | Method: Prefix | RAM: 260.71MB
[10.36.43] [INFO] EXEC: menu | Method: Prefix | RAM: 267.24MB
[10.37.17] [INFO] EXEC: assistantmenu | Method: Prefix | RAM: 289.16MB
[10.42.19] [INFO] EXEC: menu | Method: Prefix | RAM: 256.61MB
[10.42.35] [INFO] EXEC: beritamenu | Method: Prefix | RAM: 279.90MB
[11.40.25] [INFO] EXEC: menu | Method: Prefix | RAM: 263.38MB
[11.41.16] [INFO] EXEC: menu | Method: Prefix | RAM: 254.73MB
[11.43.07] [INFO] EXEC: menu | Method: Prefix | RAM: 251.89MB
[12.02.48] [INFO] EXEC: allmenu | Method: Prefix | RAM: 267.12MB
[12.04.12] [INFO] EXEC: allmenu | Method: Prefix | RAM: 276.27MB
[12.14.30] [INFO] EXEC: allmenu | Method: Prefix | RAM: 274.62MB
[12.17.48] [INFO] EXEC: allmenu | Method: Prefix | RAM: 260.41MB
[17.56.14] [INFO] EXEC: setgreeting | Method: Prefix | RAM: 208.73MB
[17.56.14] [ERROR] Plugin Failure: setgreeting | Cannot read properties of undefined (reading 'settings')
[17.56.14] [ERROR-TRACE] at Object.exec (file:///workspaces/castorice-assistant-by-radja/plugins/settings-menu/setgreeting.js?u=1770400241685:17:29)
[18.00.18] [INFO] EXEC: setgreeting | Method: Prefix | RAM: 268.88MB
[18.00.18] [ERROR] Plugin Failure: setgreeting | Cannot read properties of undefined (reading 'settings')
[18.00.18] [ERROR-TRACE] at Object.exec (file:///workspaces/castorice-assistant-by-radja/plugins/settings-menu/setgreeting.js?u=1770400811693:17:29)
[18.01.40] [INFO] EXEC: setgreeting | Method: Prefix | RAM: 282.23MB
[18.01.48] [INFO] EXEC: setgreeting | Method: Prefix | RAM: 321.48MB
[18.01.58] [INFO] EXEC: menu | Method: Prefix | RAM: 334.53MB
[18.14.38] [INFO] EXEC: me | Method: Prefix | RAM: 260.29MB
[18.15.02] [INFO] EXEC: menu | Method: Prefix | RAM: 317.04MB
[18.15.43] [INFO] EXEC: daftar | Method: Prefix | RAM: 317.54MB
[18.16.37] [INFO] EXEC: daftar | Method: Prefix | RAM: 260.14MB
[18.18.11] [INFO] EXEC: lb | Method: Prefix | RAM: 264.11MB
[18.26.46] [INFO] EXEC: menu | Method: Prefix | RAM: 263.19MB
[18.29.42] [INFO] EXEC: menu | Method: Prefix | RAM: 269.05MB
[18.31.58] [INFO] EXEC: menu | Method: Prefix | RAM: 258.66MB
[18.35.52] [INFO] EXEC: menu | Method: Prefix | RAM: 285.38MB
[18.38.31] [INFO] EXEC: menu | Method: Prefix | RAM: 260.41MB
[18.40.23] [INFO] EXEC: menu | Method: Prefix | RAM: 261.46MB
[18.46.02] [INFO] EXEC: menu | Method: Prefix | RAM: 256.50MB
[18.46.13] [INFO] EXEC: menu | Method: Prefix | RAM: 349.77MB
[18.46.21] [INFO] EXEC: menu | Method: Prefix | RAM: 401.39MB
[18.46.32] [INFO] EXEC: menu | Method: Prefix | RAM: 376.47MB
[18.53.19] [INFO] EXEC: menu | Method: Prefix | RAM: 263.41MB
[18.53.28] [INFO] EXEC: menu | Method: Prefix | RAM: 287.68MB
[18.53.39] [INFO] EXEC: menu | Method: Prefix | RAM: 330.09MB
[18.54.27] [INFO] EXEC: menu | Method: Prefix | RAM: 263.17MB
[18.54.37] [INFO] EXEC: menu | Method: Prefix | RAM: 287.36MB
[18.54.45] [INFO] EXEC: menu | Method: Prefix | RAM: 329.60MB
[18.54.53] [INFO] EXEC: menu | Method: Prefix | RAM: 355.93MB
[18.56.19] [INFO] EXEC: menu | Method: Prefix | RAM: 276.92MB
[18.57.16] [INFO] EXEC: menu | Method: Prefix | RAM: 252.99MB
[18.58.29] [INFO] EXEC: menu | Method: Prefix | RAM: 264.25MB
[18.58.29] [INFO] EXEC: menu | Method: Prefix | RAM: 264.38MB
[19.08.40] [INFO] EXEC: menu | Method: Prefix | RAM: 259.65MB
[19.13.49] [INFO] EXEC: menu | Method: Prefix | RAM: 256.76MB
[19.27.55] [INFO] EXEC: menu | Method: Prefix | RAM: 262.14MB
[19.31.25] [INFO] EXEC: menu | Method: Prefix | RAM: 273.14MB
[19.37.18] [INFO] EXEC: menu | Method: Prefix | RAM: 271.29MB
[19.39.53] [INFO] EXEC: menu | Method: Prefix | RAM: 255.00MB
[19.42.35] [INFO] EXEC: menu | Method: Prefix | RAM: 257.50MB
[19.46.28] [INFO] EXEC: menu | Method: Prefix | RAM: 258.03MB
[19.48.04] [INFO] EXEC: menu | Method: Prefix | RAM: 262.19MB
[19.56.22] [INFO] EXEC: menu | Method: Prefix | RAM: 269.81MB
[20.06.08] [INFO] EXEC: menu | Method: Prefix | RAM: 255.38MB
[20.07.16] [INFO] EXEC: menu | Method: Prefix | RAM: 259.11MB
[20.08.14] [INFO] EXEC: menu | Method: Prefix | RAM: 260.82MB
[20.12.19] [INFO] EXEC: menu | Method: Prefix | RAM: 258.72MB
[20.19.19] [INFO] EXEC: menu | Method: Prefix | RAM: 269.21MB
[20.22.41] [INFO] EXEC: allmenu | Method: Prefix | RAM: 270.00MB
[20.22.43] [ERROR] Plugin Failure: allmenu | Cannot access 'userStatus' before initialization
[20.22.43] [ERROR-TRACE] at file:///workspaces/castorice-assistant-by-radja/plugins/main-menu/sub-menu.js?u=1770409354652:52:13
[20.25.19] [INFO] EXEC: allmenu | Method: Prefix | RAM: 261.25MB
[20.25.21] [ERROR] Plugin Failure: allmenu | Cannot access 'userStatus' before initialization
[20.25.21] [ERROR-TRACE] at file:///workspaces/castorice-assistant-by-radja/plugins/main-menu/sub-menu.js?u=1770409506029:52:13
[20.27.31] [INFO] EXEC: allmenu | Method: Prefix | RAM: 282.67MB
[20.27.34] [ERROR] Plugin Failure: allmenu | Cannot access 'isOwner' before initialization
[20.27.34] [ERROR-TRACE] at Object.exec (file:///workspaces/castorice-assistant-by-radja/plugins/main-menu/sub-menu.js?u=1770409645552:40:28)
[20.32.00] [INFO] EXEC: allmenu | Method: Prefix | RAM: 256.66MB
[20.34.33] [INFO] EXEC: allmenu | Method: Prefix | RAM: 254.34MB
[20.37.19] [INFO] EXEC: allmenu | Method: Prefix | RAM: 259.25MB
[20.39.13] [INFO] EXEC: allmenu | Method: Prefix | RAM: 255.36MB
[20.40.32] [INFO] EXEC: menu | Method: Prefix | RAM: 253.13MB
[20.40.41] [INFO] EXEC: allmenu | Method: Prefix | RAM: 287.27MB
[20.41.00] [INFO] EXEC: aimenu | Method: Prefix | RAM: 371.01MB
[20.43.31] [INFO] EXEC: aimenu | Method: Prefix | RAM: 257.02MB
[20.45.21] [INFO] EXEC: quotesmenu | Method: Prefix | RAM: 263.37MB
